2016-10-30 20:37:08,518 [Worker-1] INFO  c.g.t.t.d.PublishedGradleVersions - Gradle version information cache is up-to-date. Trying to read.
2016-10-30 20:41:18,458 [Worker-3] INFO  c.g.t.t.d.PublishedGradleVersions - Gradle version information cache is up-to-date. Trying to read.
2016-10-31 10:18:43,315 [Worker-1] INFO  c.g.t.t.d.PublishedGradleVersions - Gradle version information cache is up-to-date. Trying to read.
2016-10-31 10:44:43,696 [Worker-2] INFO  c.g.t.t.d.PublishedGradleVersions - Gradle version information cache is up-to-date. Trying to read.
2016-10-31 14:01:22,358 [Worker-2] INFO  c.g.t.t.d.PublishedGradleVersions - Gradle version information cache is up-to-date. Trying to read.
2016-10-31 18:35:11,324 [Worker-15] INFO  c.g.t.t.d.PublishedGradleVersions - Gradle version information cache is up-to-date. Trying to read.
2016-11-07 10:17:54,110 [Worker-0] INFO  c.g.t.t.d.PublishedGradleVersions - Gradle version information cache is out-of-date. Trying to update.
2016-11-14 11:34:28,302 [Worker-1] INFO  c.g.t.t.d.PublishedGradleVersions - Gradle version information cache is out-of-date. Trying to update.
2016-11-14 17:58:15,405 [Worker-0] INFO  c.g.t.t.d.PublishedGradleVersions - Gradle version information cache is up-to-date. Trying to read.
2016-11-21 10:39:26,986 [Worker-2] INFO  c.g.t.t.d.PublishedGradleVersions - Gradle version information cache is out-of-date. Trying to update.
2016-11-21 10:45:36,389 [Start Help Server] INFO  org.eclipse.jetty.util.log - Logging initialized @443229ms
2016-11-21 10:45:36,704 [Start Help Server] INFO  org.eclipse.jetty.server.Server - jetty-9.3.9.v20160517
2016-11-21 10:45:36,824 [Start Help Server] INFO  o.e.j.server.handler.ContextHandler - Started o.e.j.s.ServletContextHandler@73c915a4{/help,null,AVAILABLE}
2016-11-21 10:45:36,878 [Start Help Server] INFO  o.e.jetty.server.AbstractConnector - Started ServerConnector@3e8a1f8b{HTTP/1.1,[http/1.1]}{127.0.0.1:49818}
2016-11-21 10:45:36,879 [Start Help Server] INFO  org.eclipse.jetty.server.Server - Started @443719ms
2016-11-21 15:06:09,093 [Stop Help Server] INFO  o.e.jetty.server.AbstractConnector - Stopped ServerConnector@3e8a1f8b{HTTP/1.1,[http/1.1]}{127.0.0.1:0}
2016-11-21 15:06:09,197 [Stop Help Server] INFO  o.e.j.server.handler.ContextHandler - Stopped o.e.j.s.ServletContextHandler@73c915a4{/help,null,UNAVAILABLE}
2016-11-21 15:06:38,795 [Worker-3] INFO  c.g.t.t.d.PublishedGradleVersions - Gradle version information cache is up-to-date. Trying to read.
2016-11-24 12:53:12,177 [Worker-3] INFO  c.g.t.t.d.PublishedGradleVersions - Gradle version information cache is out-of-date. Trying to update.
2016-11-24 16:03:35,429 [Worker-0] INFO  c.g.t.t.d.PublishedGradleVersions - Gradle version information cache is up-to-date. Trying to read.
2016-11-27 21:28:41,635 [Worker-2] INFO  c.g.t.t.d.PublishedGradleVersions - Gradle version information cache is out-of-date. Trying to update.
2016-11-28 10:17:45,064 [Worker-1] INFO  c.g.t.t.d.PublishedGradleVersions - Gradle version information cache is up-to-date. Trying to read.
2016-11-28 14:57:09,917 [Start Help Server] INFO  org.eclipse.jetty.util.log - Logging initialized @17125561ms
2016-11-28 14:57:10,448 [Start Help Server] INFO  org.eclipse.jetty.server.Server - jetty-9.3.9.v20160517
2016-11-28 14:57:10,681 [Start Help Server] INFO  o.e.j.server.handler.ContextHandler - Started o.e.j.s.ServletContextHandler@6e65202f{/help,null,AVAILABLE}
2016-11-28 14:57:10,734 [Start Help Server] INFO  o.e.jetty.server.AbstractConnector - Started ServerConnector@393bc625{HTTP/1.1,[http/1.1]}{127.0.0.1:54743}
2016-11-28 14:57:10,735 [Start Help Server] INFO  org.eclipse.jetty.server.Server - Started @17126381ms
2016-11-28 16:22:29,333 [Stop Help Server] INFO  o.e.jetty.server.AbstractConnector - Stopped ServerConnector@393bc625{HTTP/1.1,[http/1.1]}{127.0.0.1:0}
2016-11-28 16:22:29,397 [Stop Help Server] INFO  o.e.j.server.handler.ContextHandler - Stopped o.e.j.s.ServletContextHandler@6e65202f{/help,null,UNAVAILABLE}
2016-12-01 02:57:32,839 [Worker-3] INFO  c.g.t.t.d.PublishedGradleVersions - Gradle version information cache is up-to-date. Trying to read.
2016-12-01 03:02:24,944 [Worker-2] INFO  c.g.t.t.d.PublishedGradleVersions - Gradle version information cache is up-to-date. Trying to read.
2016-12-01 13:35:33,641 [Worker-3] INFO  c.g.t.t.d.PublishedGradleVersions - Gradle version information cache is up-to-date. Trying to read.
2016-12-01 20:38:59,930 [Worker-2] INFO  c.g.t.t.d.PublishedGradleVersions - Gradle version information cache is up-to-date. Trying to read.
2016-12-05 10:16:23,154 [Worker-3] INFO  c.g.t.t.d.PublishedGradleVersions - Gradle version information cache is out-of-date. Trying to update.
2016-12-05 14:46:05,814 [Start Help Server] INFO  org.eclipse.jetty.util.log - Logging initialized @16264894ms
2016-12-05 14:46:06,164 [Start Help Server] INFO  org.eclipse.jetty.server.Server - jetty-9.3.9.v20160517
2016-12-05 14:46:06,289 [Start Help Server] INFO  o.e.j.server.handler.ContextHandler - Started o.e.j.s.ServletContextHandler@159971d8{/help,null,AVAILABLE}
2016-12-05 14:46:06,344 [Start Help Server] INFO  o.e.jetty.server.AbstractConnector - Started ServerConnector@44f3e8fa{HTTP/1.1,[http/1.1]}{127.0.0.1:52375}
2016-12-05 14:46:06,344 [Start Help Server] INFO  org.eclipse.jetty.server.Server - Started @16265425ms
2016-12-05 16:16:29,519 [Stop Help Server] INFO  o.e.jetty.server.AbstractConnector - Stopped ServerConnector@44f3e8fa{HTTP/1.1,[http/1.1]}{127.0.0.1:0}
2016-12-05 16:16:29,549 [Stop Help Server] INFO  o.e.j.server.handler.ContextHandler - Stopped o.e.j.s.ServletContextHandler@159971d8{/help,null,UNAVAILABLE}
2016-12-05 19:46:26,938 [Worker-4] INFO  c.g.t.t.d.PublishedGradleVersions - Gradle version information cache is up-to-date. Trying to read.
2016-12-12 10:08:41,373 [Worker-2] INFO  c.g.t.t.d.PublishedGradleVersions - Gradle version information cache is out-of-date. Trying to update.
2016-12-12 13:40:33,199 [Worker-7] INFO  c.g.t.t.d.PublishedGradleVersions - Gradle version information cache is up-to-date. Trying to read.
2016-12-12 13:50:20,481 [Start Help Server] INFO  org.eclipse.jetty.util.log - Logging initialized @1460495ms
2016-12-12 13:50:20,835 [Start Help Server] INFO  org.eclipse.jetty.server.Server - jetty-9.3.9.v20160517
2016-12-12 13:50:20,978 [Start Help Server] INFO  o.e.j.server.handler.ContextHandler - Started o.e.j.s.ServletContextHandler@507cc1cb{/help,null,AVAILABLE}
2016-12-12 13:50:21,060 [Start Help Server] INFO  o.e.jetty.server.AbstractConnector - Started ServerConnector@68fa0073{HTTP/1.1,[http/1.1]}{127.0.0.1:50516}
2016-12-12 13:50:21,061 [Start Help Server] INFO  org.eclipse.jetty.server.Server - Started @1461075ms
2016-12-12 15:13:22,162 [Worker-0] INFO  c.g.t.t.d.PublishedGradleVersions - Gradle version information cache is up-to-date. Trying to read.
2016-12-12 15:40:11,220 [Start Help Server] INFO  org.eclipse.jetty.util.log - Logging initialized @1636345ms
2016-12-12 15:40:11,460 [Start Help Server] INFO  org.eclipse.jetty.server.Server - jetty-9.3.9.v20160517
2016-12-12 15:40:11,581 [Start Help Server] INFO  o.e.j.server.handler.ContextHandler - Started o.e.j.s.ServletContextHandler@716889d3{/help,null,AVAILABLE}
2016-12-12 15:40:11,623 [Start Help Server] INFO  o.e.jetty.server.AbstractConnector - Started ServerConnector@8783b72{HTTP/1.1,[http/1.1]}{127.0.0.1:49180}
2016-12-12 15:40:11,630 [Start Help Server] INFO  org.eclipse.jetty.server.Server - Started @1636749ms
2016-12-12 15:52:52,833 [Stop Help Server] INFO  o.e.jetty.server.AbstractConnector - Stopped ServerConnector@8783b72{HTTP/1.1,[http/1.1]}{127.0.0.1:0}
2016-12-12 15:52:52,871 [Stop Help Server] INFO  o.e.j.server.handler.ContextHandler - Stopped o.e.j.s.ServletContextHandler@716889d3{/help,null,UNAVAILABLE}
2016-12-12 15:57:55,038 [Worker-0] INFO  c.g.t.t.d.PublishedGradleVersions - Gradle version information cache is up-to-date. Trying to read.
